
TRAINING OVERVIEW
-------------------------------
DATA:

Earth Systems Time Series Data Overview.
Timeframe=monthly for RNN training. Using 5 lags.
Training with 434 points. Validation with 49 points. (10.0%)
Not normalizing data
Variables:
  temp_change: mean=0.56988, std=0.27825
  petroleum: mean=66287.34520, std=14218.28105
  elec_fossil: mean=5.16363, std=0.70478
  elec_clean: mean=0.43302, std=0.12937
  co2_average: mean=377.32029, std=22.37242
  ch4_average: mean=1777.02733, std=66.96596
Predicting for:
  temp_change
-------------------------------
OPTIMIZER:
 Adam (
Parameter Group 0
    amsgrad: False
    betas: (0.9, 0.999)
    capturable: False
    differentiable: False
    eps: 1e-08
    foreach: None
    fused: None
    lr: 0.0001
    maximize: False
    weight_decay: 0.005
) 
-------------------------------
LOSS FUNCTION:
 MSELoss() 
-------------------------------
MODEL ARCHITECTURE:
 EarthSystemsRNN(
  (rnn_layers): Sequential(
    (0): GRU(6, 100, batch_first=True)
    (1): GRU(100, 250, batch_first=True)
    (2): GRU(250, 400, batch_first=True)
  )
  (fc_layers): Sequential(
    (0): Linear(in_features=2000, out_features=250, bias=True)
    (1): ELU(alpha=1.0)
    (2): Linear(in_features=250, out_features=125, bias=True)
    (3): ELU(alpha=1.0)
    (4): Linear(in_features=125, out_features=1, bias=True)
  )
  (flatten): Flatten(start_dim=1, end_dim=-1)
) 
-------------------------------
OTHER:
Not loading weights
WARNING: WILL NOT SAVE MODEL
Training with batch size of 10
Running on device cpu
Ready to train

Beginning training from epoch 1 for 250 epochs
Epoch 1
-------------------------------
Batch   6/43, loss: 0.145941  [   60/  429] (0.270s) 
Batch  11/43, loss: 0.067207  [  110/  429] (0.166s) 
Batch  16/43, loss: 0.018360  [  160/  429] (0.211s) 
Batch  21/43, loss: 0.085719  [  210/  429] (0.257s) 
Batch  26/43, loss: 0.044539  [  260/  429] (0.258s) 
Batch  31/43, loss: 0.050356  [  310/  429] (0.247s) 
Batch  36/43, loss: 0.028929  [  360/  429] (0.200s) 
Batch  41/43, loss: 0.067304  [  410/  429] (0.197s) 
Batch  43/43, loss: 0.047099  [  430/  429] (0.082s) 
train loss: 0.051318
val loss: 0.180215
Took 2.374s total
-------------------------------

Epoch 2
-------------------------------
Batch   6/43, loss: 0.058019  [   60/  429] (0.254s) 
Using random seed 176486658968600

TRAINING OVERVIEW
-------------------------------
DATA:

Earth Systems Time Series Data Overview.
Timeframe=monthly for RNN training. Using 16 lags.
Training with 410 points. Validation with 73 points. (15.0%)
Normalizing data to [0,1]
Variables:
  temp_change: mean=0.40123, std=0.18306
  petroleum: mean=0.75989, std=0.18663
  elec_fossil: mean=0.29484, std=0.22250
  elec_clean: mean=0.34124, std=0.27516
  co2_average: mean=0.45971, std=0.27955
  ch4_average: mean=0.50127, std=0.22218
Predicting for:
  temp_change
-------------------------------
OPTIMIZER:
 Adam (
Parameter Group 0
    amsgrad: False
    betas: (0.9, 0.999)
    capturable: False
    differentiable: False
    eps: 1e-08
    foreach: None
    fused: None
    lr: 0.0001
    maximize: False
    weight_decay: 0.0005
) 
-------------------------------
LOSS FUNCTION:
 MSELoss() 
-------------------------------
MODEL ARCHITECTURE:
 EarthSystemsRNN(
  (rnn_layers): Sequential(
    (0): GRULayerNorm(
      (gru_cell): GRUCell(6, 100)
      (layer_norm): LayerNorm((100,), eps=1e-05, elementwise_affine=True)
    )
    (1): GRULayerNorm(
      (gru_cell): GRUCell(100, 250)
      (layer_norm): LayerNorm((250,), eps=1e-05, elementwise_affine=True)
    )
  )
  (fc_layers): Sequential(
    (0): ELU(alpha=1.0)
    (1): Linear(in_features=250, out_features=1, bias=True)
  )
  (flatten): Flatten(start_dim=1, end_dim=-1)
) 
-------------------------------
OTHER:
Loading saved weights from models/rnn_temp_h3_lastonly.pth
WARNING: WILL NOT SAVE MODEL
Training with batch size of 10
Running on device cpu
	Using 73 validation points
	Using 410 training points
Ready to train

483
(483,)
483
(410,)
483
(410,)
Using random seed 177712999459900

TRAINING OVERVIEW
-------------------------------
DATA:

Earth Systems Time Series Data Overview.
Timeframe=monthly for RNN training. Using 16 lags.
Training with 410 points. Validation with 73 points. (15.0%)
Normalizing data to [0,1]
Variables:
  temp_change: mean=0.40123, std=0.18306
  petroleum: mean=0.75989, std=0.18663
  elec_fossil: mean=0.29484, std=0.22250
  elec_clean: mean=0.34124, std=0.27516
  co2_average: mean=0.45971, std=0.27955
  ch4_average: mean=0.50127, std=0.22218
Predicting for:
  temp_change
-------------------------------
OPTIMIZER:
 Adam (
Parameter Group 0
    amsgrad: False
    betas: (0.9, 0.999)
    capturable: False
    differentiable: False
    eps: 1e-08
    foreach: None
    fused: None
    lr: 0.0001
    maximize: False
    weight_decay: 0.0005
) 
-------------------------------
LOSS FUNCTION:
 MSELoss() 
-------------------------------
MODEL ARCHITECTURE:
 EarthSystemsRNN(
  (rnn_layers): Sequential(
    (0): GRULayerNorm(
      (gru_cell): GRUCell(6, 100)
      (layer_norm): LayerNorm((100,), eps=1e-05, elementwise_affine=True)
    )
    (1): GRULayerNorm(
      (gru_cell): GRUCell(100, 250)
      (layer_norm): LayerNorm((250,), eps=1e-05, elementwise_affine=True)
    )
  )
  (fc_layers): Sequential(
    (0): ELU(alpha=1.0)
    (1): Linear(in_features=250, out_features=1, bias=True)
  )
  (flatten): Flatten(start_dim=1, end_dim=-1)
) 
-------------------------------
OTHER:
Loading saved weights from models/rnn_temp_h3_lastonly.pth
WARNING: WILL NOT SAVE MODEL
Training with batch size of 10
Running on device cpu
	Using 73 validation points
	Using 410 training points
Ready to train

